{
  "contracts\\libraries\\BidHash.sol": {
    "l": { "8": 0 },
    "path": "C:\\Users\\Sathvik S Nayak\\OneDrive\\Desktop\\vickrey-sealed-bid-auction\\backend\\contracts\\libraries\\BidHash.sol",
    "s": { "1": 0 },
    "b": {},
    "f": { "1": 0 },
    "fnMap": {
      "1": {
        "name": "generateHash",
        "line": 6,
        "loc": {
          "start": { "line": 6, "column": 4 },
          "end": { "line": 11, "column": 4 }
        }
      }
    },
    "statementMap": {
      "1": {
        "start": { "line": 8, "column": 8 },
        "end": { "line": 8, "column": 202 }
      }
    },
    "branchMap": {}
  },
  "contracts\\VickreyAuction.sol": {
    "l": {
      "63": 1,
      "64": 0,
      "68": 1,
      "70": 1,
      "72": 1,
      "93": 1,
      "94": 0,
      "97": 1,
      "98": 0,
      "101": 1,
      "102": 0,
      "106": 1,
      "113": 1,
      "121": 0,
      "122": 0,
      "125": 0,
      "126": 0,
      "129": 0,
      "130": 0
    },
    "path": "C:\\Users\\Sathvik S Nayak\\OneDrive\\Desktop\\vickrey-sealed-bid-auction\\backend\\contracts\\VickreyAuction.sol",
    "s": { "1": 1, "2": 1, "3": 1, "4": 1, "5": 1, "6": 0, "7": 0, "8": 0 },
    "b": {
      "1": [0, 1],
      "2": [0, 0],
      "3": [0, 1],
      "4": [0, 1],
      "5": [0, 1],
      "6": [0, 0],
      "7": [0, 0],
      "8": [0, 0]
    },
    "f": { "1": 1, "2": 1, "3": 0, "4": 0, "5": 0 },
    "fnMap": {
      "1": {
        "name": "constructor",
        "line": 61,
        "loc": {
          "start": { "line": 61, "column": 4 },
          "end": { "line": 74, "column": 4 }
        }
      },
      "2": {
        "name": "commitBid",
        "line": 91,
        "loc": {
          "start": { "line": 91, "column": 4 },
          "end": { "line": 117, "column": 4 }
        }
      },
      "3": {
        "name": "revealBid",
        "line": 119,
        "loc": {
          "start": { "line": 119, "column": 4 },
          "end": { "line": 133, "column": 4 }
        }
      },
      "4": {
        "name": "finalizeAuction",
        "line": 135,
        "loc": {
          "start": { "line": 135, "column": 4 },
          "end": { "line": 137, "column": 4 }
        }
      },
      "5": {
        "name": "withdrawRefund",
        "line": 139,
        "loc": {
          "start": { "line": 139, "column": 4 },
          "end": { "line": 141, "column": 4 }
        }
      }
    },
    "statementMap": {
      "1": {
        "start": { "line": 63, "column": 8 },
        "end": { "line": 63, "column": 955 }
      },
      "2": {
        "start": { "line": 93, "column": 8 },
        "end": { "line": 93, "column": 1425 }
      },
      "3": {
        "start": { "line": 97, "column": 8 },
        "end": { "line": 97, "column": 1527 }
      },
      "4": {
        "start": { "line": 101, "column": 8 },
        "end": { "line": 101, "column": 1640 }
      },
      "5": {
        "start": { "line": 113, "column": 8 },
        "end": { "line": 113, "column": 57 }
      },
      "6": {
        "start": { "line": 121, "column": 8 },
        "end": { "line": 121, "column": 2024 }
      },
      "7": {
        "start": { "line": 125, "column": 8 },
        "end": { "line": 125, "column": 2125 }
      },
      "8": {
        "start": { "line": 129, "column": 8 },
        "end": { "line": 129, "column": 2228 }
      }
    },
    "branchMap": {
      "1": {
        "line": 63,
        "type": "if",
        "locations": [
          {
            "start": { "line": 63, "column": 8 },
            "end": { "line": 63, "column": 8 }
          },
          {
            "start": { "line": 63, "column": 8 },
            "end": { "line": 63, "column": 8 }
          }
        ]
      },
      "2": {
        "line": 63,
        "type": "cond-expr",
        "locations": [
          {
            "start": { "line": 63, "column": 12 },
            "end": { "line": 63, "column": 31 }
          },
          {
            "start": { "line": 63, "column": 36 },
            "end": { "line": 63, "column": 55 }
          }
        ]
      },
      "3": {
        "line": 93,
        "type": "if",
        "locations": [
          {
            "start": { "line": 93, "column": 8 },
            "end": { "line": 93, "column": 8 }
          },
          {
            "start": { "line": 93, "column": 8 },
            "end": { "line": 93, "column": 8 }
          }
        ]
      },
      "4": {
        "line": 97,
        "type": "if",
        "locations": [
          {
            "start": { "line": 97, "column": 8 },
            "end": { "line": 97, "column": 8 }
          },
          {
            "start": { "line": 97, "column": 8 },
            "end": { "line": 97, "column": 8 }
          }
        ]
      },
      "5": {
        "line": 101,
        "type": "if",
        "locations": [
          {
            "start": { "line": 101, "column": 8 },
            "end": { "line": 101, "column": 8 }
          },
          {
            "start": { "line": 101, "column": 8 },
            "end": { "line": 101, "column": 8 }
          }
        ]
      },
      "6": {
        "line": 121,
        "type": "if",
        "locations": [
          {
            "start": { "line": 121, "column": 8 },
            "end": { "line": 121, "column": 8 }
          },
          {
            "start": { "line": 121, "column": 8 },
            "end": { "line": 121, "column": 8 }
          }
        ]
      },
      "7": {
        "line": 125,
        "type": "if",
        "locations": [
          {
            "start": { "line": 125, "column": 8 },
            "end": { "line": 125, "column": 8 }
          },
          {
            "start": { "line": 125, "column": 8 },
            "end": { "line": 125, "column": 8 }
          }
        ]
      },
      "8": {
        "line": 129,
        "type": "if",
        "locations": [
          {
            "start": { "line": 129, "column": 8 },
            "end": { "line": 129, "column": 8 }
          },
          {
            "start": { "line": 129, "column": 8 },
            "end": { "line": 129, "column": 8 }
          }
        ]
      }
    }
  }
}
